<?xml version="1.0" encoding="UTF-8"?>
<!-- Generated by org.testng.reporters.JUnitReportReporter -->
<testsuite hostname="PANZURAD132G41X" failures="0" tests="1" name="tests.HeaderUrlTest" time="0.027" errors="0" timestamp="2024-04-19T22:15:52 CST" skipped="0">
  <testcase classname="tests.HeaderUrlTest" name="HeaderUrl" time="0.027"/>
  <system-out/>
</testsuite> <!-- tests.HeaderUrlTest -->
