<?xml version="1.0" encoding="UTF-8"?>
<!-- Generated by org.testng.reporters.JUnitReportReporter -->
<testsuite hostname="PANZURAD132G41X" failures="0" tests="1" name="tests.SearchBoxTest" time="1.119" errors="0" timestamp="2024-04-19T22:21:53 CST" skipped="0">
  <testcase classname="tests.SearchBoxTest" name="TextSearch" time="1.119"/>
  <system-out/>
</testsuite> <!-- tests.SearchBoxTest -->
