<?xml version="1.0" encoding="UTF-8"?>
<!-- Generated by org.testng.reporters.JUnitReportReporter -->
<testsuite hostname="PANZURAD132G41X" failures="0" tests="1" name="tests.TestCases" time="20.206" errors="0" timestamp="2024-04-22T16:21:47 CST" skipped="0">
  <testcase classname="tests.TestCases" name="searchGithubAccount" time="20.206"/>
  <system-out/>
</testsuite> <!-- tests.TestCases -->
