<?xml version="1.0" encoding="UTF-8"?>
<!-- Generated by org.testng.reporters.JUnitReportReporter -->
<testsuite hostname="PANZURAD132G41X" failures="0" tests="1" name="tests.SearchPageTest" time="0.823" errors="0" timestamp="2024-04-19T19:48:01 CST" skipped="0">
  <testcase classname="tests.SearchPageTest" name="getHeaderUrl" time="0.823"/>
  <system-out/>
</testsuite> <!-- tests.SearchPageTest -->
